C:\My Projects\Web Api\WebApi2\CarDealerShip\src\app\app.component.js
C:\My Projects\Web Api\WebApi2\CarDealerShip\src\app\app.component.js.map
C:\My Projects\Web Api\WebApi2\CarDealerShip\src\app\employee\employeecomponent.js
C:\My Projects\Web Api\WebApi2\CarDealerShip\src\app\employee\employeecomponent.js.map
C:\My Projects\Web Api\WebApi2\CarDealerShip\src\app\employee\EmployeeListComponent.js
C:\My Projects\Web Api\WebApi2\CarDealerShip\src\app\employee\EmployeeListComponent.js.map
C:\My Projects\Web Api\WebApi2\CarDealerShip\src\app\app.module.js
C:\My Projects\Web Api\WebApi2\CarDealerShip\src\app\app.module.js.map
C:\My Projects\Web Api\WebApi2\CarDealerShip\src\main.js
C:\My Projects\Web Api\WebApi2\CarDealerShip\src\main.js.map
C:\My Projects\Web Api\WebApi2\CarDealerShip\src\app\app.component.spec.js
C:\My Projects\Web Api\WebApi2\CarDealerShip\src\app\app.component.spec.js.map
C:\My Projects\Web Api\WebApi2\CarDealerShip\src\app\app.component.js
C:\My Projects\Web Api\WebApi2\CarDealerShip\src\app\app.component.js.map
C:\My Projects\Web Api\WebApi2\CarDealerShip\src\app\employee\employeecomponent.js
C:\My Projects\Web Api\WebApi2\CarDealerShip\src\app\employee\employeecomponent.js.map
C:\My Projects\Web Api\WebApi2\CarDealerShip\src\app\employee\EmployeeListComponent.js
C:\My Projects\Web Api\WebApi2\CarDealerShip\src\app\employee\EmployeeListComponent.js.map
C:\My Projects\Web Api\WebApi2\CarDealerShip\src\app\app.module.js
C:\My Projects\Web Api\WebApi2\CarDealerShip\src\app\app.module.js.map
C:\My Projects\Web Api\WebApi2\CarDealerShip\src\main.js
C:\My Projects\Web Api\WebApi2\CarDealerShip\src\main.js.map
C:\My Projects\Web Api\WebApi2\CarDealerShip\src\app\app.component.spec.js
C:\My Projects\Web Api\WebApi2\CarDealerShip\src\app\app.component.spec.js.map
C:\My Projects\Web Api\WebApi2\CarDealerShip\src\app\app.component.js
C:\My Projects\Web Api\WebApi2\CarDealerShip\src\app\app.component.js.map
C:\My Projects\Web Api\WebApi2\CarDealerShip\src\app\employee\EmployeeListComponent.js
C:\My Projects\Web Api\WebApi2\CarDealerShip\src\app\employee\EmployeeListComponent.js.map
C:\My Projects\Web Api\WebApi2\CarDealerShip\src\app\app.module.js
C:\My Projects\Web Api\WebApi2\CarDealerShip\src\app\app.module.js.map
C:\My Projects\Web Api\WebApi2\CarDealerShip\src\main.js
C:\My Projects\Web Api\WebApi2\CarDealerShip\src\main.js.map
C:\My Projects\Web Api\WebApi2\CarDealerShip\src\app\app.component.spec.js
C:\My Projects\Web Api\WebApi2\CarDealerShip\src\app\app.component.spec.js.map
C:\My Projects\Web Api\WebApi2\CarDealerShip\src\app\app.component.js
C:\My Projects\Web Api\WebApi2\CarDealerShip\src\app\app.component.js.map
C:\My Projects\Web Api\WebApi2\CarDealerShip\src\app\employee\EmployeeListComponent.js
C:\My Projects\Web Api\WebApi2\CarDealerShip\src\app\employee\EmployeeListComponent.js.map
C:\My Projects\Web Api\WebApi2\CarDealerShip\src\app\app.module.js
C:\My Projects\Web Api\WebApi2\CarDealerShip\src\app\app.module.js.map
C:\My Projects\Web Api\WebApi2\CarDealerShip\src\main.js
C:\My Projects\Web Api\WebApi2\CarDealerShip\src\main.js.map
C:\My Projects\Web Api\WebApi2\CarDealerShip\src\app\app.component.spec.js
C:\My Projects\Web Api\WebApi2\CarDealerShip\src\app\app.component.spec.js.map
C:\My Projects\Web Api\WebApi2\CarDealerShip\src\app\app.component.js
C:\My Projects\Web Api\WebApi2\CarDealerShip\src\app\app.component.js.map
C:\My Projects\Web Api\WebApi2\CarDealerShip\src\app\employee\EmployeeListComponent.js
C:\My Projects\Web Api\WebApi2\CarDealerShip\src\app\employee\EmployeeListComponent.js.map
C:\My Projects\Web Api\WebApi2\CarDealerShip\src\app\app.module.js
C:\My Projects\Web Api\WebApi2\CarDealerShip\src\app\app.module.js.map
C:\My Projects\Web Api\WebApi2\CarDealerShip\src\main.js
C:\My Projects\Web Api\WebApi2\CarDealerShip\src\main.js.map
C:\My Projects\Web Api\WebApi2\CarDealerShip\src\app\app.component.spec.js
C:\My Projects\Web Api\WebApi2\CarDealerShip\src\app\app.component.spec.js.map
C:\My Projects\Web Api\WebApi2\CarDealerShip\src\app\employee\employeeCount.component.js
C:\My Projects\Web Api\WebApi2\CarDealerShip\src\app\employee\employeeCount.component.js.map
C:\My Projects\Web Api\WebApi2\CarDealerShip\src\app\app.component.js
C:\My Projects\Web Api\WebApi2\CarDealerShip\src\app\app.component.js.map
C:\My Projects\Web Api\WebApi2\CarDealerShip\src\app\employee\EmployeeListComponent.js
C:\My Projects\Web Api\WebApi2\CarDealerShip\src\app\employee\EmployeeListComponent.js.map
C:\My Projects\Web Api\WebApi2\CarDealerShip\src\app\employee\employeeCount.component.js
C:\My Projects\Web Api\WebApi2\CarDealerShip\src\app\employee\employeeCount.component.js.map
C:\My Projects\Web Api\WebApi2\CarDealerShip\src\app\app.module.js
C:\My Projects\Web Api\WebApi2\CarDealerShip\src\app\app.module.js.map
C:\My Projects\Web Api\WebApi2\CarDealerShip\src\main.js
C:\My Projects\Web Api\WebApi2\CarDealerShip\src\main.js.map
C:\My Projects\Web Api\WebApi2\CarDealerShip\src\app\app.component.spec.js
C:\My Projects\Web Api\WebApi2\CarDealerShip\src\app\app.component.spec.js.map
C:\My Projects\Web Api\WebApi2\CarDealerShip\src\app\app.component.js
C:\My Projects\Web Api\WebApi2\CarDealerShip\src\app\app.component.js.map
C:\My Projects\Web Api\WebApi2\CarDealerShip\src\app\employee\EmployeeListComponent.js
C:\My Projects\Web Api\WebApi2\CarDealerShip\src\app\employee\EmployeeListComponent.js.map
C:\My Projects\Web Api\WebApi2\CarDealerShip\src\app\employee\employeeCount.component.js
C:\My Projects\Web Api\WebApi2\CarDealerShip\src\app\employee\employeeCount.component.js.map
C:\My Projects\Web Api\WebApi2\CarDealerShip\src\app\app.module.js
C:\My Projects\Web Api\WebApi2\CarDealerShip\src\app\app.module.js.map
C:\My Projects\Web Api\WebApi2\CarDealerShip\src\main.js
C:\My Projects\Web Api\WebApi2\CarDealerShip\src\main.js.map
C:\My Projects\Web Api\WebApi2\CarDealerShip\src\app\app.component.spec.js
C:\My Projects\Web Api\WebApi2\CarDealerShip\src\app\app.component.spec.js.map
C:\My Projects\Web Api\WebApi2\CarDealerShip\src\app\app.component.js
C:\My Projects\Web Api\WebApi2\CarDealerShip\src\app\app.component.js.map
C:\My Projects\Web Api\WebApi2\CarDealerShip\src\app\employee\EmployeeListComponent.js
C:\My Projects\Web Api\WebApi2\CarDealerShip\src\app\employee\EmployeeListComponent.js.map
C:\My Projects\Web Api\WebApi2\CarDealerShip\src\app\employee\employeeCount.component.js
C:\My Projects\Web Api\WebApi2\CarDealerShip\src\app\employee\employeeCount.component.js.map
C:\My Projects\Web Api\WebApi2\CarDealerShip\src\app\app.module.js
C:\My Projects\Web Api\WebApi2\CarDealerShip\src\app\app.module.js.map
C:\My Projects\Web Api\WebApi2\CarDealerShip\src\main.js
C:\My Projects\Web Api\WebApi2\CarDealerShip\src\main.js.map
C:\My Projects\Web Api\WebApi2\CarDealerShip\src\app\app.component.spec.js
C:\My Projects\Web Api\WebApi2\CarDealerShip\src\app\app.component.spec.js.map
C:\My Projects\Web Api\WebApi2\CarDealerShip\src\app\app.component.js
C:\My Projects\Web Api\WebApi2\CarDealerShip\src\app\app.component.js.map
C:\My Projects\Web Api\WebApi2\CarDealerShip\src\app\employee\EmployeeListComponent.js
C:\My Projects\Web Api\WebApi2\CarDealerShip\src\app\employee\EmployeeListComponent.js.map
C:\My Projects\Web Api\WebApi2\CarDealerShip\src\app\employee\employeeCount.component.js
C:\My Projects\Web Api\WebApi2\CarDealerShip\src\app\employee\employeeCount.component.js.map
C:\My Projects\Web Api\WebApi2\CarDealerShip\src\app\app.module.js
C:\My Projects\Web Api\WebApi2\CarDealerShip\src\app\app.module.js.map
C:\My Projects\Web Api\WebApi2\CarDealerShip\src\main.js
C:\My Projects\Web Api\WebApi2\CarDealerShip\src\main.js.map
C:\My Projects\Web Api\WebApi2\CarDealerShip\src\app\app.component.spec.js
C:\My Projects\Web Api\WebApi2\CarDealerShip\src\app\app.component.spec.js.map
C:\My Projects\Web Api\WebApi2\CarDealerShip\src\app\app.component.js
C:\My Projects\Web Api\WebApi2\CarDealerShip\src\app\app.component.js.map
C:\My Projects\Web Api\WebApi2\CarDealerShip\src\app\employee\EmployeeListComponent.js
C:\My Projects\Web Api\WebApi2\CarDealerShip\src\app\employee\EmployeeListComponent.js.map
C:\My Projects\Web Api\WebApi2\CarDealerShip\src\app\employee\employeeCount.component.js
C:\My Projects\Web Api\WebApi2\CarDealerShip\src\app\employee\employeeCount.component.js.map
C:\My Projects\Web Api\WebApi2\CarDealerShip\src\app\app.module.js
C:\My Projects\Web Api\WebApi2\CarDealerShip\src\app\app.module.js.map
C:\My Projects\Web Api\WebApi2\CarDealerShip\src\main.js
C:\My Projects\Web Api\WebApi2\CarDealerShip\src\main.js.map
C:\My Projects\Web Api\WebApi2\CarDealerShip\src\app\app.component.spec.js
C:\My Projects\Web Api\WebApi2\CarDealerShip\src\app\app.component.spec.js.map
C:\My Projects\Web Api\WebApi2\CarDealerShip\src\app\app.component.js
C:\My Projects\Web Api\WebApi2\CarDealerShip\src\app\app.component.js.map
C:\My Projects\Web Api\WebApi2\CarDealerShip\src\app\employee\EmployeeListComponent.js
C:\My Projects\Web Api\WebApi2\CarDealerShip\src\app\employee\EmployeeListComponent.js.map
C:\My Projects\Web Api\WebApi2\CarDealerShip\src\app\employee\employeeCount.component.js
C:\My Projects\Web Api\WebApi2\CarDealerShip\src\app\employee\employeeCount.component.js.map
C:\My Projects\Web Api\WebApi2\CarDealerShip\src\app\app.module.js
C:\My Projects\Web Api\WebApi2\CarDealerShip\src\app\app.module.js.map
C:\My Projects\Web Api\WebApi2\CarDealerShip\src\main.js
C:\My Projects\Web Api\WebApi2\CarDealerShip\src\main.js.map
C:\My Projects\Web Api\WebApi2\CarDealerShip\src\app\app.component.spec.js
C:\My Projects\Web Api\WebApi2\CarDealerShip\src\app\app.component.spec.js.map
